<?xml version="1.0" encoding="UTF-8"?>
<!-- Generated by org.testng.reporters.JUnitXMLReporter -->
<testsuite hostname="HP" name="Validating Form Authentication" tests="3" failures="0" timestamp="10 Jun 2021 13:11:12 GMT" time="27.707" errors="0">
  <testcase name="validateFormAuthentication" time="13.014" classname="Academy.VerifyFormAuthenticationPage"/>
  <testcase name="validateFormAuthentication" time="5.594" classname="Academy.VerifyFormAuthenticationPage"/>
  <testcase name="validateFormAuthentication" time="5.802" classname="Academy.VerifyFormAuthenticationPage"/>
</testsuite> <!-- Validating Form Authentication -->
