<?xml version="1.0" encoding="UTF-8"?>
<testng-results skipped="0" failed="0" total="0" passed="0">
  <reporter-output>
  </reporter-output>
  <suite name="Academy.AppTest" duration-ms="2" started-at="2021-06-10T16:42:37Z" finished-at="2021-06-10T16:42:37Z">
    <groups>
    </groups>
    <test name="Command line test" duration-ms="2" started-at="2021-06-10T16:42:37Z" finished-at="2021-06-10T16:42:37Z">
    </test> <!-- Command line test -->
  </suite> <!-- Academy.AppTest -->
</testng-results>
